<?xml version="1.0" encoding="UTF-8"?>
<!-- Generated by org.testng.reporters.JUnitXMLReporter -->
<testsuite hostname="DESKTOP-05E8T37" ignored="9" name="Default test" tests="1" failures="0" timestamp="18 Jul 2021 07:24:36 GMT" time="5.628" errors="0">
  <testcase name="verifyresponsetime" time="0.127" classname="com.testcase.GetWeatherDetailsTest"/>
  <testcase name="verifyResponseServer" time="0.0" classname="com.testcase.GetWeatherDetailsTest">
    <ignored/>
  </testcase> <!-- verifyResponseServer -->
  <testcase name="verifyCookie" time="0.0" classname="com.testcase.GetWeatherDetailsTest">
    <ignored/>
  </testcase> <!-- verifyCookie -->
  <testcase name="verifyResponseVersion" time="0.0" classname="com.testcase.GetWeatherDetailsTest">
    <ignored/>
  </testcase> <!-- verifyResponseVersion -->
  <testcase name="verifycontentencoding" time="0.0" classname="com.testcase.GetWeatherDetailsTest">
    <ignored/>
  </testcase> <!-- verifycontentencoding -->
  <testcase name="verifyresponsemsg" time="0.0" classname="com.testcase.GetWeatherDetailsTest">
    <ignored/>
  </testcase> <!-- verifyresponsemsg -->
  <testcase name="verifyStatuscode" time="0.0" classname="com.testcase.GetWeatherDetailsTest">
    <ignored/>
  </testcase> <!-- verifyStatuscode -->
  <testcase name="verifyResponseBody" time="0.0" classname="com.testcase.GetWeatherDetailsTest">
    <ignored/>
  </testcase> <!-- verifyResponseBody -->
  <testcase name="verifyResponseContenttype" time="0.0" classname="com.testcase.GetWeatherDetailsTest">
    <ignored/>
  </testcase> <!-- verifyResponseContenttype -->
  <testcase name="verifyresponsenowcast" time="0.0" classname="com.testcase.GetWeatherDetailsTest">
    <ignored/>
  </testcase> <!-- verifyresponsenowcast -->
</testsuite> <!-- Default test -->
