<?xml version="1.0" encoding="UTF-8"?>
<testng-results skipped="0" failed="0" ignored="1" total="33" passed="32">
  <reporter-output>
  </reporter-output>
  <suite name="Surefire suite" duration-ms="10174" started-at="2021-07-18T05:09:30Z" finished-at="2021-07-18T05:09:40Z">
    <groups>
    </groups>
    <test name="Surefire test" duration-ms="10174" started-at="2021-07-18T05:09:30Z" finished-at="2021-07-18T05:09:40Z">
      <class name="com.testcase.GetRadarPastDataAPITest">
        <test-method status="PASS" signature="getradardetails()[pri:0, instance:com.testcase.GetRadarPastDataAPITest@15bb6bea]" name="getradardetails" is-config="true" duration-ms="719" started-at="2021-07-18T05:09:34Z" finished-at="2021-07-18T05:09:35Z">
          <reporter-output>
          </reporter-output>
        </test-method> <!-- getradardetails -->
        <test-method status="PASS" signature="getRadarpastresponsetime()[pri:0, instance:com.testcase.GetRadarPastDataAPITest@15bb6bea]" name="getRadarpastresponsetime" duration-ms="8" started-at="2021-07-18T05:09:35Z" finished-at="2021-07-18T05:09:35Z">
          <reporter-output>
          </reporter-output>
        </test-method> <!-- getRadarpastresponsetime -->
        <test-method status="PASS" signature="verifyRadarPastContenttype()[pri:0, instance:com.testcase.GetRadarPastDataAPITest@15bb6bea]" name="verifyRadarPastContenttype" duration-ms="8" started-at="2021-07-18T05:09:35Z" finished-at="2021-07-18T05:09:35Z">
          <reporter-output>
          </reporter-output>
        </test-method> <!-- verifyRadarPastContenttype -->
        <test-method status="PASS" signature="verifyRadarPastResponsecode()[pri:0, instance:com.testcase.GetRadarPastDataAPITest@15bb6bea]" name="verifyRadarPastResponsecode" duration-ms="4" started-at="2021-07-18T05:09:35Z" finished-at="2021-07-18T05:09:35Z">
          <reporter-output>
          </reporter-output>
        </test-method> <!-- verifyRadarPastResponsecode -->
        <test-method status="PASS" signature="verifyradarpastresponsebody()[pri:0, instance:com.testcase.GetRadarPastDataAPITest@15bb6bea]" name="verifyradarpastresponsebody" duration-ms="494" started-at="2021-07-18T05:09:35Z" finished-at="2021-07-18T05:09:36Z">
          <reporter-output>
          </reporter-output>
        </test-method> <!-- verifyradarpastresponsebody -->
        <test-method status="PASS" signature="verifyradarpastresponsecookie()[pri:0, instance:com.testcase.GetRadarPastDataAPITest@15bb6bea]" name="verifyradarpastresponsecookie" duration-ms="3" started-at="2021-07-18T05:09:36Z" finished-at="2021-07-18T05:09:36Z">
          <reporter-output>
          </reporter-output>
        </test-method> <!-- verifyradarpastresponsecookie -->
        <test-method status="PASS" signature="verifyradarpastresponseserver()[pri:0, instance:com.testcase.GetRadarPastDataAPITest@15bb6bea]" name="verifyradarpastresponseserver" duration-ms="3" started-at="2021-07-18T05:09:36Z" finished-at="2021-07-18T05:09:36Z">
          <reporter-output>
          </reporter-output>
        </test-method> <!-- verifyradarpastresponseserver -->
        <test-method status="PASS" signature="verifyradarpaststatusmesg()[pri:0, instance:com.testcase.GetRadarPastDataAPITest@15bb6bea]" name="verifyradarpaststatusmesg" duration-ms="3" started-at="2021-07-18T05:09:36Z" finished-at="2021-07-18T05:09:36Z">
          <reporter-output>
          </reporter-output>
        </test-method> <!-- verifyradarpaststatusmesg -->
      </class> <!-- com.testcase.GetRadarPastDataAPITest -->
      <class name="com.testcase.GetSatelliteAPITest">
        <test-method status="PASS" signature="getradardetails()[pri:0, instance:com.testcase.GetSatelliteAPITest@8b96fde]" name="getradardetails" is-config="true" duration-ms="642" started-at="2021-07-18T05:09:36Z" finished-at="2021-07-18T05:09:36Z">
          <reporter-output>
          </reporter-output>
        </test-method> <!-- getradardetails -->
        <test-method status="PASS" signature="getSatelliteresponsetime()[pri:0, instance:com.testcase.GetSatelliteAPITest@8b96fde]" name="getSatelliteresponsetime" duration-ms="6" started-at="2021-07-18T05:09:36Z" finished-at="2021-07-18T05:09:36Z">
          <reporter-output>
          </reporter-output>
        </test-method> <!-- getSatelliteresponsetime -->
        <test-method status="PASS" signature="verifySatelliteContenttype()[pri:0, instance:com.testcase.GetSatelliteAPITest@8b96fde]" name="verifySatelliteContenttype" duration-ms="7" started-at="2021-07-18T05:09:36Z" finished-at="2021-07-18T05:09:36Z">
          <reporter-output>
          </reporter-output>
        </test-method> <!-- verifySatelliteContenttype -->
        <test-method status="PASS" signature="verifySatelliteResponsecode()[pri:0, instance:com.testcase.GetSatelliteAPITest@8b96fde]" name="verifySatelliteResponsecode" duration-ms="5" started-at="2021-07-18T05:09:36Z" finished-at="2021-07-18T05:09:36Z">
          <reporter-output>
          </reporter-output>
        </test-method> <!-- verifySatelliteResponsecode -->
        <test-method status="PASS" signature="verifySatelliteresponsecookie()[pri:0, instance:com.testcase.GetSatelliteAPITest@8b96fde]" name="verifySatelliteresponsecookie" duration-ms="3" started-at="2021-07-18T05:09:36Z" finished-at="2021-07-18T05:09:36Z">
          <reporter-output>
          </reporter-output>
        </test-method> <!-- verifySatelliteresponsecookie -->
        <test-method status="PASS" signature="verifySatelliteresponseserver()[pri:0, instance:com.testcase.GetSatelliteAPITest@8b96fde]" name="verifySatelliteresponseserver" duration-ms="2" started-at="2021-07-18T05:09:36Z" finished-at="2021-07-18T05:09:36Z">
          <reporter-output>
          </reporter-output>
        </test-method> <!-- verifySatelliteresponseserver -->
        <test-method status="PASS" signature="verifySatelliteresponsexcache()[pri:0, instance:com.testcase.GetSatelliteAPITest@8b96fde]" name="verifySatelliteresponsexcache" duration-ms="3" started-at="2021-07-18T05:09:36Z" finished-at="2021-07-18T05:09:36Z">
          <reporter-output>
          </reporter-output>
        </test-method> <!-- verifySatelliteresponsexcache -->
        <test-method status="PASS" signature="verifySatellitestatusmesg()[pri:0, instance:com.testcase.GetSatelliteAPITest@8b96fde]" name="verifySatellitestatusmesg" duration-ms="3" started-at="2021-07-18T05:09:36Z" finished-at="2021-07-18T05:09:36Z">
          <reporter-output>
          </reporter-output>
        </test-method> <!-- verifySatellitestatusmesg -->
      </class> <!-- com.testcase.GetSatelliteAPITest -->
      <class name="com.testcase.GetWeatherDetailsTest">
        <test-method status="PASS" signature="getweatherdetails()[pri:0, instance:com.testcase.GetWeatherDetailsTest@2d2e5f00]" name="getweatherdetails" is-config="true" duration-ms="2054" started-at="2021-07-18T05:09:36Z" finished-at="2021-07-18T05:09:38Z">
          <reporter-output>
          </reporter-output>
        </test-method> <!-- getweatherdetails -->
        <test-method status="PASS" signature="verifyCookie()[pri:0, instance:com.testcase.GetWeatherDetailsTest@2d2e5f00]" name="verifyCookie" duration-ms="4" started-at="2021-07-18T05:09:38Z" finished-at="2021-07-18T05:09:38Z">
          <reporter-output>
          </reporter-output>
        </test-method> <!-- verifyCookie -->
        <test-method status="PASS" signature="verifyResponseBody()[pri:0, instance:com.testcase.GetWeatherDetailsTest@2d2e5f00]" name="verifyResponseBody" duration-ms="628" started-at="2021-07-18T05:09:38Z" finished-at="2021-07-18T05:09:39Z">
          <reporter-output>
          </reporter-output>
        </test-method> <!-- verifyResponseBody -->
        <test-method status="PASS" signature="verifyResponseContenttype()[pri:0, instance:com.testcase.GetWeatherDetailsTest@2d2e5f00]" name="verifyResponseContenttype" duration-ms="2" started-at="2021-07-18T05:09:39Z" finished-at="2021-07-18T05:09:39Z">
          <reporter-output>
          </reporter-output>
        </test-method> <!-- verifyResponseContenttype -->
        <test-method status="PASS" signature="verifyResponseServer()[pri:0, instance:com.testcase.GetWeatherDetailsTest@2d2e5f00]" name="verifyResponseServer" duration-ms="2" started-at="2021-07-18T05:09:39Z" finished-at="2021-07-18T05:09:39Z">
          <reporter-output>
          </reporter-output>
        </test-method> <!-- verifyResponseServer -->
        <test-method status="PASS" signature="verifyResponseVersion()[pri:0, instance:com.testcase.GetWeatherDetailsTest@2d2e5f00]" name="verifyResponseVersion" duration-ms="767" started-at="2021-07-18T05:09:39Z" finished-at="2021-07-18T05:09:40Z">
          <reporter-output>
          </reporter-output>
        </test-method> <!-- verifyResponseVersion -->
        <test-method status="PASS" signature="verifyStatuscode()[pri:0, instance:com.testcase.GetWeatherDetailsTest@2d2e5f00]" name="verifyStatuscode" duration-ms="5" started-at="2021-07-18T05:09:40Z" finished-at="2021-07-18T05:09:40Z">
          <reporter-output>
          </reporter-output>
        </test-method> <!-- verifyStatuscode -->
        <test-method status="PASS" signature="verifycontentencoding()[pri:0, instance:com.testcase.GetWeatherDetailsTest@2d2e5f00]" name="verifycontentencoding" duration-ms="7" started-at="2021-07-18T05:09:40Z" finished-at="2021-07-18T05:09:40Z">
          <reporter-output>
          </reporter-output>
        </test-method> <!-- verifycontentencoding -->
        <test-method status="PASS" signature="verifyresponsemsg()[pri:0, instance:com.testcase.GetWeatherDetailsTest@2d2e5f00]" name="verifyresponsemsg" duration-ms="5" started-at="2021-07-18T05:09:40Z" finished-at="2021-07-18T05:09:40Z">
          <reporter-output>
          </reporter-output>
        </test-method> <!-- verifyresponsemsg -->
        <test-method status="PASS" signature="verifyresponsenowcast()[pri:0, instance:com.testcase.GetWeatherDetailsTest@2d2e5f00]" name="verifyresponsenowcast" duration-ms="564" started-at="2021-07-18T05:09:40Z" finished-at="2021-07-18T05:09:40Z">
          <reporter-output>
          </reporter-output>
        </test-method> <!-- verifyresponsenowcast -->
        <test-method status="PASS" signature="verifyresponsetime()[pri:0, instance:com.testcase.GetWeatherDetailsTest@2d2e5f00]" name="verifyresponsetime" duration-ms="7" started-at="2021-07-18T05:09:40Z" finished-at="2021-07-18T05:09:40Z">
          <reporter-output>
          </reporter-output>
        </test-method> <!-- verifyresponsetime -->
      </class> <!-- com.testcase.GetWeatherDetailsTest -->
      <class name="com.testcase.GetRadarFutureDataAPITest">
        <test-method status="PASS" signature="getradardetails()[pri:0, instance:com.testcase.GetRadarFutureDataAPITest@145eaa29]" name="getradardetails" is-config="true" duration-ms="3775" started-at="2021-07-18T05:09:30Z" finished-at="2021-07-18T05:09:34Z">
          <reporter-output>
          </reporter-output>
        </test-method> <!-- getradardetails -->
        <test-method status="PASS" signature="getRadarresponsetime()[pri:0, instance:com.testcase.GetRadarFutureDataAPITest@145eaa29]" name="getRadarresponsetime" duration-ms="12" started-at="2021-07-18T05:09:34Z" finished-at="2021-07-18T05:09:34Z">
          <reporter-output>
          </reporter-output>
        </test-method> <!-- getRadarresponsetime -->
        <test-method status="PASS" signature="verifyRadarContenttype()[pri:0, instance:com.testcase.GetRadarFutureDataAPITest@145eaa29]" name="verifyRadarContenttype" duration-ms="3" started-at="2021-07-18T05:09:34Z" finished-at="2021-07-18T05:09:34Z">
          <reporter-output>
          </reporter-output>
        </test-method> <!-- verifyRadarContenttype -->
        <test-method status="PASS" signature="verifyRadarResponsecode()[pri:0, instance:com.testcase.GetRadarFutureDataAPITest@145eaa29]" name="verifyRadarResponsecode" duration-ms="9" started-at="2021-07-18T05:09:34Z" finished-at="2021-07-18T05:09:34Z">
          <reporter-output>
          </reporter-output>
        </test-method> <!-- verifyRadarResponsecode -->
        <test-method status="PASS" signature="verifyRadarresponsexcache()[pri:0, instance:com.testcase.GetRadarFutureDataAPITest@145eaa29]" name="verifyRadarresponsexcache" duration-ms="2" started-at="2021-07-18T05:09:34Z" finished-at="2021-07-18T05:09:34Z">
          <reporter-output>
          </reporter-output>
        </test-method> <!-- verifyRadarresponsexcache -->
        <test-method status="PASS" signature="verifyradarresponsebody()[pri:0, instance:com.testcase.GetRadarFutureDataAPITest@145eaa29]" name="verifyradarresponsebody" duration-ms="36" started-at="2021-07-18T05:09:34Z" finished-at="2021-07-18T05:09:34Z">
          <reporter-output>
          </reporter-output>
        </test-method> <!-- verifyradarresponsebody -->
        <test-method status="PASS" signature="verifyradarresponsecookie()[pri:0, instance:com.testcase.GetRadarFutureDataAPITest@145eaa29]" name="verifyradarresponsecookie" duration-ms="34" started-at="2021-07-18T05:09:34Z" finished-at="2021-07-18T05:09:34Z">
          <reporter-output>
          </reporter-output>
        </test-method> <!-- verifyradarresponsecookie -->
        <test-method status="PASS" signature="verifyradarresponseserver()[pri:0, instance:com.testcase.GetRadarFutureDataAPITest@145eaa29]" name="verifyradarresponseserver" duration-ms="4" started-at="2021-07-18T05:09:34Z" finished-at="2021-07-18T05:09:34Z">
          <reporter-output>
          </reporter-output>
        </test-method> <!-- verifyradarresponseserver -->
        <test-method status="PASS" signature="verifyradarstatusmesg()[pri:0, instance:com.testcase.GetRadarFutureDataAPITest@145eaa29]" name="verifyradarstatusmesg" duration-ms="3" started-at="2021-07-18T05:09:34Z" finished-at="2021-07-18T05:09:34Z">
          <reporter-output>
          </reporter-output>
        </test-method> <!-- verifyradarstatusmesg -->
      </class> <!-- com.testcase.GetRadarFutureDataAPITest -->
    </test> <!-- Surefire test -->
  </suite> <!-- Surefire suite -->
</testng-results>
