<?xml version="1.0" encoding="UTF-8"?>
<testsuite xmlns:xsi="http://www.w3.org/2001/XMLSchema-instance" xsi:noNamespaceSchemaLocation="https://maven.apache.org/surefire/maven-surefire-plugin/xsd/surefire-test-report.xsd" name="TestSuite" time="11.455" tests="32" errors="0" skipped="0" failures="0">
  <properties>
[...]
</properties>
  <testcase name="getRadarresponsetime" classname="com.testcase.GetRadarFutureDataAPITest" time="0.013"/>
  <testcase name="verifyRadarContenttype" classname="com.testcase.GetRadarFutureDataAPITest" time="0.005"/>
  <testcase name="verifyRadarResponsecode" classname="com.testcase.GetRadarFutureDataAPITest" time="0.005"/>
  <testcase name="verifyRadarresponsexcache" classname="com.testcase.GetRadarFutureDataAPITest" time="0.004"/>
  <testcase name="verifyradarresponsebody" classname="com.testcase.GetRadarFutureDataAPITest" time="0.034"/>
  <testcase name="verifyradarresponsecookie" classname="com.testcase.GetRadarFutureDataAPITest" time="0.035"/>
  <testcase name="verifyradarresponseserver" classname="com.testcase.GetRadarFutureDataAPITest" time="0.038"/>
  <testcase name="verifyradarstatusmesg" classname="com.testcase.GetRadarFutureDataAPITest" time="0.003"/>
  <testcase name="getRadarpastresponsetime" classname="com.testcase.GetRadarPastDataAPITest" time="0.016"/>
  <testcase name="verifyRadarPastContenttype" classname="com.testcase.GetRadarPastDataAPITest" time="0.006"/>
  <testcase name="verifyRadarPastResponsecode" classname="com.testcase.GetRadarPastDataAPITest" time="0"/>
  <testcase name="verifyradarpastresponsebody" classname="com.testcase.GetRadarPastDataAPITest" time="0.492"/>
  <testcase name="verifyradarpastresponsecookie" classname="com.testcase.GetRadarPastDataAPITest" time="0.049"/>
  <testcase name="verifyradarpastresponseserver" classname="com.testcase.GetRadarPastDataAPITest" time="0.003"/>
  <testcase name="verifyradarpaststatusmesg" classname="com.testcase.GetRadarPastDataAPITest" time="0.004"/>
  <testcase name="getSatelliteresponsetime" classname="com.testcase.GetSatelliteAPITest" time="0.022"/>
  <testcase name="verifySatelliteContenttype" classname="com.testcase.GetSatelliteAPITest" time="0.008"/>
  <testcase name="verifySatelliteResponsecode" classname="com.testcase.GetSatelliteAPITest" time="0"/>
  <testcase name="verifySatelliteresponsecookie" classname="com.testcase.GetSatelliteAPITest" time="0.003"/>
  <testcase name="verifySatelliteresponseserver" classname="com.testcase.GetSatelliteAPITest" time="0.004"/>
  <testcase name="verifySatelliteresponsexcache" classname="com.testcase.GetSatelliteAPITest" time="0.004"/>
  <testcase name="verifySatellitestatusmesg" classname="com.testcase.GetSatelliteAPITest" time="0.005"/>
  <testcase name="verifyCookie" classname="com.testcase.GetWeatherDetailsTest" time="0.004"/>
  <testcase name="verifyResponseBody" classname="com.testcase.GetWeatherDetailsTest" time="0.633"/>
  <testcase name="verifyResponseContenttype" classname="com.testcase.GetWeatherDetailsTest" time="0.005"/>
  <testcase name="verifyResponseServer" classname="com.testcase.GetWeatherDetailsTest" time="0.003"/>
  <testcase name="verifyResponseVersion" classname="com.testcase.GetWeatherDetailsTest" time="0.772"/>
  <testcase name="verifyStatuscode" classname="com.testcase.GetWeatherDetailsTest" time="0.007"/>
  <testcase name="verifycontentencoding" classname="com.testcase.GetWeatherDetailsTest" time="0.009"/>
  <testcase name="verifyresponsemsg" classname="com.testcase.GetWeatherDetailsTest" time="0.015"/>
  <testcase name="verifyresponsenowcast" classname="com.testcase.GetWeatherDetailsTest" time="0.573"/>
  <testcase name="verifyresponsetime" classname="com.testcase.GetWeatherDetailsTest" time="0.003"/>
</testsuite>