<?xml version="1.0" encoding="UTF-8"?>
<testng-results skipped="0" failed="0" ignored="0" total="10" passed="10">
  <reporter-output>
  </reporter-output>
  <suite name="Default suite" duration-ms="7146" started-at="2021-07-18T06:45:32Z" finished-at="2021-07-18T06:45:39Z">
    <groups>
    </groups>
    <test name="Default test" duration-ms="7146" started-at="2021-07-18T06:45:32Z" finished-at="2021-07-18T06:45:39Z">
      <class name="com.testcase.GetWeatherDetailsTest">
        <test-method status="PASS" signature="getweatherdetails()[pri:0, instance:com.testcase.GetWeatherDetailsTest@1e730495]" name="getweatherdetails" is-config="true" duration-ms="4973" started-at="2021-07-18T06:45:32Z" finished-at="2021-07-18T06:45:37Z">
          <reporter-output>
          </reporter-output>
        </test-method> <!-- getweatherdetails -->
        <test-method status="PASS" signature="verifyCookie()[pri:0, instance:com.testcase.GetWeatherDetailsTest@1e730495]" name="verifyCookie" duration-ms="152" started-at="2021-07-18T06:45:37Z" finished-at="2021-07-18T06:45:37Z">
          <reporter-output>
          </reporter-output>
        </test-method> <!-- verifyCookie -->
        <test-method status="PASS" signature="verifyResponseBody()[pri:0, instance:com.testcase.GetWeatherDetailsTest@1e730495]" name="verifyResponseBody" duration-ms="561" started-at="2021-07-18T06:45:37Z" finished-at="2021-07-18T06:45:38Z">
          <reporter-output>
          </reporter-output>
        </test-method> <!-- verifyResponseBody -->
        <test-method status="PASS" signature="verifyResponseContenttype()[pri:0, instance:com.testcase.GetWeatherDetailsTest@1e730495]" name="verifyResponseContenttype" duration-ms="9" started-at="2021-07-18T06:45:38Z" finished-at="2021-07-18T06:45:38Z">
          <reporter-output>
          </reporter-output>
        </test-method> <!-- verifyResponseContenttype -->
        <test-method status="PASS" signature="verifyResponseServer()[pri:0, instance:com.testcase.GetWeatherDetailsTest@1e730495]" name="verifyResponseServer" duration-ms="12" started-at="2021-07-18T06:45:38Z" finished-at="2021-07-18T06:45:38Z">
          <reporter-output>
          </reporter-output>
        </test-method> <!-- verifyResponseServer -->
        <test-method status="PASS" signature="verifyResponseVersion()[pri:0, instance:com.testcase.GetWeatherDetailsTest@1e730495]" name="verifyResponseVersion" duration-ms="553" started-at="2021-07-18T06:45:38Z" finished-at="2021-07-18T06:45:38Z">
          <reporter-output>
          </reporter-output>
        </test-method> <!-- verifyResponseVersion -->
        <test-method status="PASS" signature="verifyStatuscode()[pri:0, instance:com.testcase.GetWeatherDetailsTest@1e730495]" name="verifyStatuscode" duration-ms="8" started-at="2021-07-18T06:45:38Z" finished-at="2021-07-18T06:45:38Z">
          <reporter-output>
          </reporter-output>
        </test-method> <!-- verifyStatuscode -->
        <test-method status="PASS" signature="verifycontentencoding()[pri:0, instance:com.testcase.GetWeatherDetailsTest@1e730495]" name="verifycontentencoding" duration-ms="6" started-at="2021-07-18T06:45:38Z" finished-at="2021-07-18T06:45:38Z">
          <reporter-output>
          </reporter-output>
        </test-method> <!-- verifycontentencoding -->
        <test-method status="PASS" signature="verifyresponsemsg()[pri:0, instance:com.testcase.GetWeatherDetailsTest@1e730495]" name="verifyresponsemsg" duration-ms="8" started-at="2021-07-18T06:45:38Z" finished-at="2021-07-18T06:45:38Z">
          <reporter-output>
          </reporter-output>
        </test-method> <!-- verifyresponsemsg -->
        <test-method status="PASS" signature="verifyresponsenowcast()[pri:0, instance:com.testcase.GetWeatherDetailsTest@1e730495]" name="verifyresponsenowcast" duration-ms="554" started-at="2021-07-18T06:45:38Z" finished-at="2021-07-18T06:45:39Z">
          <reporter-output>
          </reporter-output>
        </test-method> <!-- verifyresponsenowcast -->
        <test-method status="PASS" signature="verifyresponsetime()[pri:0, instance:com.testcase.GetWeatherDetailsTest@1e730495]" name="verifyresponsetime" duration-ms="6" started-at="2021-07-18T06:45:39Z" finished-at="2021-07-18T06:45:39Z">
          <reporter-output>
          </reporter-output>
        </test-method> <!-- verifyresponsetime -->
      </class> <!-- com.testcase.GetWeatherDetailsTest -->
    </test> <!-- Default test -->
  </suite> <!-- Default suite -->
</testng-results>
