<?xml version="1.0" encoding="UTF-8"?>
<!-- Generated by org.testng.reporters.JUnitXMLReporter -->
<testsuite hostname="DESKTOP-05E8T37" ignored="1" name="RAINVIEWER API TEST CASES" tests="32" failures="0" timestamp="18 Jul 2021 04:08:04 GMT" time="69.867" errors="0">
  <testcase name="verifyCookie" time="0.039" classname="com.testcase.GetWeatherDetailsTest"/>
  <testcase name="verifyResponseBody" time="0.544" classname="com.testcase.GetWeatherDetailsTest"/>
  <testcase name="verifyResponseContenttype" time="0.006" classname="com.testcase.GetWeatherDetailsTest"/>
  <testcase name="verifyResponseServer" time="0.007" classname="com.testcase.GetWeatherDetailsTest"/>
  <testcase name="verifyResponseVersion" time="0.592" classname="com.testcase.GetWeatherDetailsTest"/>
  <testcase name="verifyStatuscode" time="0.008" classname="com.testcase.GetWeatherDetailsTest"/>
  <testcase name="verifycontentencoding" time="0.007" classname="com.testcase.GetWeatherDetailsTest"/>
  <testcase name="verifyresponsemsg" time="0.005" classname="com.testcase.GetWeatherDetailsTest"/>
  <testcase name="verifyresponsenowcast" time="0.589" classname="com.testcase.GetWeatherDetailsTest"/>
  <testcase name="verifyresponsetime" time="0.009" classname="com.testcase.GetWeatherDetailsTest"/>
  <testcase name="getRadarresponsetime" time="0.009" classname="com.testcase.GetRadarFutureDataAPITest"/>
  <testcase name="verifyRadarContenttype" time="0.017" classname="com.testcase.GetRadarFutureDataAPITest"/>
  <testcase name="verifyRadarResponsecode" time="0.005" classname="com.testcase.GetRadarFutureDataAPITest"/>
  <testcase name="verifyRadarresponsexcache" time="0.005" classname="com.testcase.GetRadarFutureDataAPITest"/>
  <testcase name="verifyradarresponsebody" time="0.011" classname="com.testcase.GetRadarFutureDataAPITest"/>
  <testcase name="verifyradarresponsecookie" time="0.005" classname="com.testcase.GetRadarFutureDataAPITest"/>
  <testcase name="verifyradarresponseserver" time="0.005" classname="com.testcase.GetRadarFutureDataAPITest"/>
  <testcase name="verifyradarstatusmesg" time="0.004" classname="com.testcase.GetRadarFutureDataAPITest"/>
  <testcase name="getRadarpastresponsetime" time="0.012" classname="com.testcase.GetRadarPastDataAPITest"/>
  <testcase name="verifyRadarPastContenttype" time="0.009" classname="com.testcase.GetRadarPastDataAPITest"/>
  <testcase name="verifyRadarPastResponsecode" time="0.006" classname="com.testcase.GetRadarPastDataAPITest"/>
  <testcase name="verifyradarpastresponsebody" time="60.8" classname="com.testcase.GetRadarPastDataAPITest"/>
  <testcase name="verifyradarpastresponsecookie" time="0.007" classname="com.testcase.GetRadarPastDataAPITest"/>
  <testcase name="verifyradarpastresponseserver" time="0.006" classname="com.testcase.GetRadarPastDataAPITest"/>
  <testcase name="verifyradarpaststatusmesg" time="0.004" classname="com.testcase.GetRadarPastDataAPITest"/>
  <testcase name="getSatelliteresponsetime" time="0.004" classname="com.testcase.GetSatelliteAPITest"/>
  <testcase name="verifySatelliteContenttype" time="0.003" classname="com.testcase.GetSatelliteAPITest"/>
  <testcase name="verifySatelliteResponsecode" time="0.003" classname="com.testcase.GetSatelliteAPITest"/>
  <testcase name="verifySatelliteresponsecookie" time="0.003" classname="com.testcase.GetSatelliteAPITest"/>
  <testcase name="verifySatelliteresponseserver" time="0.003" classname="com.testcase.GetSatelliteAPITest"/>
  <testcase name="verifySatelliteresponsexcache" time="0.004" classname="com.testcase.GetSatelliteAPITest"/>
  <testcase name="verifySatellitestatusmesg" time="0.003" classname="com.testcase.GetSatelliteAPITest"/>
  <testcase name="verifySatelliteresponsebody" time="0.0" classname="com.testcase.GetSatelliteAPITest">
    <ignored/>
  </testcase> <!-- verifySatelliteresponsebody -->
</testsuite> <!-- RAINVIEWER API TEST CASES -->
