<?xml version="1.0" encoding="UTF-8"?>
<!-- Generated by org.testng.reporters.JUnitXMLReporter -->
<testsuite hostname="DESKTOP-05E8T37" ignored="0" name="Test" tests="18" failures="0" timestamp="17 Jul 2021 13:29:43 GMT" time="7.389" errors="0">
  <testcase name="verifyCookie" time="0.131" classname="com.testcase.GetWeatherDetailsTest"/>
  <testcase name="verifyResponseBody" time="0.553" classname="com.testcase.GetWeatherDetailsTest"/>
  <testcase name="verifyResponseContenttype" time="0.005" classname="com.testcase.GetWeatherDetailsTest"/>
  <testcase name="verifyResponseServer" time="0.005" classname="com.testcase.GetWeatherDetailsTest"/>
  <testcase name="verifyResponseVersion" time="0.57" classname="com.testcase.GetWeatherDetailsTest"/>
  <testcase name="verifyStatuscode" time="0.003" classname="com.testcase.GetWeatherDetailsTest"/>
  <testcase name="verifycontentencoding" time="0.004" classname="com.testcase.GetWeatherDetailsTest"/>
  <testcase name="verifyresponsemsg" time="0.004" classname="com.testcase.GetWeatherDetailsTest"/>
  <testcase name="verifyresponsenowcast" time="0.566" classname="com.testcase.GetWeatherDetailsTest"/>
  <testcase name="verifyresponsetime" time="0.007" classname="com.testcase.GetWeatherDetailsTest"/>
  <testcase name="getRadarresponsetime" time="0.004" classname="com.testcase.GetRadarAPITest"/>
  <testcase name="verifyRadarContenttype" time="0.004" classname="com.testcase.GetRadarAPITest"/>
  <testcase name="verifyRadarResponsecode" time="0.005" classname="com.testcase.GetRadarAPITest"/>
  <testcase name="verifyRadarresponsexcache" time="0.004" classname="com.testcase.GetRadarAPITest"/>
  <testcase name="verifyradarresponsebody" time="0.018" classname="com.testcase.GetRadarAPITest"/>
  <testcase name="verifyradarresponsecookie" time="0.006" classname="com.testcase.GetRadarAPITest"/>
  <testcase name="verifyradarresponseserver" time="0.007" classname="com.testcase.GetRadarAPITest"/>
  <testcase name="verifyradarstatusmesg" time="0.004" classname="com.testcase.GetRadarAPITest"/>
</testsuite> <!-- Test -->
